[17:12:32] [main/INFO] (FabricLoader) Loading for game Minecraft 1.16.2
[17:12:32] [main/DEBUG] (FabricLoader) Requesting deobfuscation of minecraft-1.16.2-mapped-net.fabricmc.yarn-1.16.2+build.14-v2.jar
[17:12:32] [main/DEBUG] (FabricLoader) [Knot] Proposed file:/C:/Users/ADMIN/.gradle/caches/fabric-loom/1.16.2-mapped-net.fabricmc.yarn-1.16.2+build.14-v2/minecraft-1.16.2-mapped-net.fabricmc.yarn-1.16.2+build.14-v2.jar to classpath.
[17:12:32] [main/DEBUG] (FabricLoader|EntrypointTransformer) Found game constructor: net.minecraft.client.main.Main -> net.minecraft.client.MinecraftClient
[17:12:32] [main/DEBUG] (FabricLoader|EntrypointTransformer) Patching game constructor <init>(Lnet/minecraft/client/RunArgs;)V
[17:12:32] [main/DEBUG] (FabricLoader|EntrypointTransformer) Run directory field is thought to be net/minecraft/client/MinecraftClient/runDirectory
[17:12:32] [main/DEBUG] (FabricLoader|EntrypointTransformer) Applying brand name hook to net/minecraft/client/ClientBrandRetriever::getClientModName
[17:12:32] [main/DEBUG] (FabricLoader|EntrypointTransformer) Applying brand name hook to net/minecraft/server/MinecraftServer::getServerModName
[17:12:32] [main/DEBUG] (FabricLoader|EntrypointTransformer) [EntrypointTransformer] Patched 3 classes.
[17:12:33] [main/DEBUG] (Fabric|Loader) [ClasspathModCandidateFinder] Adding dev classpath directories to classpath.
[17:12:33] [main/DEBUG] (Fabric|Loader) [ClasspathModCandidateFinder] Processing /C:/Users/ADMIN/Desktop/Lunarium/sources/.gradle/loom-cache/remapped_mods/fabric-loader-0.9.1+build.205@net.fabricmc.yarn.1_16_2.1.16.2+build.14-v2.jar
[17:12:33] [main/DEBUG] (Fabric|Loader) [ClasspathModCandidateFinder] Processing /C:/Users/ADMIN/Desktop/Lunarium/sources/bin/main/
[17:12:33] [ForkJoinPool-1-worker-5/DEBUG] (Fabric|Loader) Testing file:/C:/Users/ADMIN/Desktop/Lunarium/sources/bin/main/
[17:12:33] [ForkJoinPool-1-worker-3/DEBUG] (Fabric|Loader) Testing file:/C:/Users/ADMIN/Desktop/Lunarium/sources/.gradle/loom-cache/remapped_mods/fabric-loader-0.9.1+build.205@net.fabricmc.yarn.1_16_2.1.16.2+build.14-v2.jar
[17:12:33] [ForkJoinPool-1-worker-3/DEBUG] (Fabric|Loader) Adding file:/C:/Users/ADMIN/Desktop/Lunarium/sources/.gradle/loom-cache/remapped_mods/fabric-loader-0.9.1+build.205@net.fabricmc.yarn.1_16_2.1.16.2+build.14-v2.jar as ModCandidate{fabricloader@0.9.1+build.205}
[17:12:33] [ForkJoinPool-1-worker-3/DEBUG] (Fabric|Loader) Searching for nested JARs in ModCandidate{fabricloader@0.9.1+build.205}
[17:12:33] [ForkJoinPool-1-worker-5/DEBUG] (Fabric|Loader) Adding file:/C:/Users/ADMIN/Desktop/Lunarium/sources/bin/main/ as ModCandidate{lunarium@${version}}
[17:12:33] [ForkJoinPool-1-worker-5/DEBUG] (Fabric|Loader) Searching for nested JARs in ModCandidate{lunarium@${version}}
[17:12:33] [main/DEBUG] (Fabric|Loader) Mod resolution detection time: 52ms
[17:12:33] [main/DEBUG] (Fabric|Loader) Mod resolution time: 0ms
[17:12:33] [main/INFO] (Fabric|Loader) [FabricLoader] Loading 3 mods: minecraft@1.16.2, lunarium@${version}, fabricloader@0.9.1+build.205
[17:12:33] [main/DEBUG] (FabricLoader) [Knot] Proposed file:/C:/Users/ADMIN/.gradle/caches/fabric-loom/1.16.2-mapped-net.fabricmc.yarn-1.16.2+build.14-v2/minecraft-1.16.2-mapped-net.fabricmc.yarn-1.16.2+build.14-v2.jar to classpath.
[17:12:33] [main/DEBUG] (FabricLoader) [Knot] Proposed file:/C:/Users/ADMIN/Desktop/Lunarium/sources/bin/main/ to classpath.
[17:12:33] [main/WARN] (Fabric|Loader) Mod `lunarium` (${version}) does not respect SemVer - comparison support is limited.
[17:12:33] [main/DEBUG] (Fabric|Loader) Registering new-style initializer net.theairblow.lunarium.LunariumClient for mod lunarium (key main)
[17:12:33] [main/DEBUG] (mixin) Mixin bootstrap service org.spongepowered.asm.service.mojang.MixinServiceLaunchWrapperBootstrap is not available: LaunchWrapper is not available
[17:12:33] [main/DEBUG] (mixin) Mixin bootstrap service org.spongepowered.asm.service.modlauncher.MixinServiceModLauncherBootstrap is not available: ModLauncher is not available
[17:12:33] [main/DEBUG] (mixin) MixinService [ModLauncher] is not valid
[17:12:33] [main/DEBUG] (mixin) MixinService [Knot/Fabric] was successfully booted in jdk.internal.loader.ClassLoaders$AppClassLoader@4e0e2f2a
[17:12:33] [main/INFO] (mixin) SpongePowered MIXIN Subsystem Version=0.8.1 Source=file:/C:/Users/ADMIN/.gradle/caches/modules-2/files-2.1/net.fabricmc/sponge-mixin/0.8.1+build.21/94da90bdbee9f95bf6d6c41ca87943419a0b5624/sponge-mixin-0.8.1+build.21.jar Service=Knot/Fabric Env=CLIENT
[17:12:33] [main/DEBUG] (mixin) Initialising Mixin Platform Manager
[17:12:33] [main/DEBUG] (mixin) Adding mixin platform agents for container ContainerHandleURI(file:/C:/Users/ADMIN/Desktop/Lunarium/sources/.gradle/loom-cache/remapped_mods/fabric-loader-0.9.1+build.205@net.fabricmc.yarn.1_16_2.1.16.2+build.14-v2.jar)
[17:12:33] [main/DEBUG] (mixin) Instancing new MixinPlatformAgentDefault for ContainerHandleURI(file:/C:/Users/ADMIN/Desktop/Lunarium/sources/.gradle/loom-cache/remapped_mods/fabric-loader-0.9.1+build.205@net.fabricmc.yarn.1_16_2.1.16.2+build.14-v2.jar)
[17:12:33] [main/DEBUG] (mixin) MixinPlatformAgentDefault accepted container ContainerHandleURI(file:/C:/Users/ADMIN/Desktop/Lunarium/sources/.gradle/loom-cache/remapped_mods/fabric-loader-0.9.1+build.205@net.fabricmc.yarn.1_16_2.1.16.2+build.14-v2.jar)
[17:12:33] [main/DEBUG] (mixin) Instancing new MixinPlatformAgentDefault for ContainerHandleURI(file:/C:/Users/ADMIN/Desktop/Lunarium/sources/.gradle/loom-cache/remapped_mods/fabric-loader-0.9.1+build.205@net.fabricmc.yarn.1_16_2.1.16.2+build.14-v2.jar)
[17:12:33] [main/DEBUG] (mixin) MixinPlatformAgentDefault accepted container ContainerHandleURI(file:/C:/Users/ADMIN/Desktop/Lunarium/sources/.gradle/loom-cache/remapped_mods/fabric-loader-0.9.1+build.205@net.fabricmc.yarn.1_16_2.1.16.2+build.14-v2.jar)
[17:12:33] [main/DEBUG] (mixin) Processing prepare() for PlatformAgent[MixinPlatformAgentDefault:ContainerHandleURI(file:/C:/Users/ADMIN/Desktop/Lunarium/sources/.gradle/loom-cache/remapped_mods/fabric-loader-0.9.1+build.205@net.fabricmc.yarn.1_16_2.1.16.2+build.14-v2.jar)]
[17:12:33] [main/DEBUG] (mixin) Processing prepare() for PlatformAgent[MixinPlatformAgentDefault:ContainerHandleURI(file:/C:/Users/ADMIN/Desktop/Lunarium/sources/.gradle/loom-cache/remapped_mods/fabric-loader-0.9.1+build.205@net.fabricmc.yarn.1_16_2.1.16.2+build.14-v2.jar)]
[17:12:33] [main/DEBUG] (FabricLoader) Loading mappings took 294 ms
[17:12:33] [main/INFO] (Fabric|MixinBootstrap) Loaded Fabric development mappings for mixin remapper!
[17:12:33] [main/DEBUG] (mixin) Mixin config lunarium.mixins.json does not specify "minVersion" property
[17:12:33] [main/DEBUG] (mixin) Error cleaning class output directory: .mixin.out\class: failed to delete one or more files; see suppressed exceptions for details
[17:12:33] [main/DEBUG] (Fabric|Loader) No subscribers for entrypoint 'preLaunch'
[17:12:33] [main/DEBUG] (mixin) Preparing mixins for MixinEnvironment[DEFAULT]
[17:12:33] [main/DEBUG] (mixin) Selecting config lunarium.mixins.json
[17:12:33] [main/DEBUG] (mixin) Preparing lunarium.mixins.json (38)
[17:12:34] [main/DEBUG] (mixin) Registering new injector for @Inject with org.spongepowered.asm.mixin.injection.struct.CallbackInjectionInfo
[17:12:34] [main/DEBUG] (mixin) Registering new injector for @ModifyArg with org.spongepowered.asm.mixin.injection.struct.ModifyArgInjectionInfo
[17:12:34] [main/DEBUG] (mixin) Registering new injector for @ModifyArgs with org.spongepowered.asm.mixin.injection.struct.ModifyArgsInjectionInfo
[17:12:34] [main/DEBUG] (mixin) Registering new injector for @Redirect with org.spongepowered.asm.mixin.injection.struct.RedirectInjectionInfo
[17:12:34] [main/DEBUG] (mixin) Registering new injector for @ModifyVariable with org.spongepowered.asm.mixin.injection.struct.ModifyVariableInjectionInfo
[17:12:34] [main/DEBUG] (mixin) Registering new injector for @ModifyConstant with org.spongepowered.asm.mixin.injection.struct.ModifyConstantInjectionInfo
[17:12:34] [main/DEBUG] (mixin) Prepared 38 mixins in 0,409 sec (10,8ms avg) (0ms load, 0ms transform, 0ms plugin)
[17:12:34] [main/DEBUG] (mixin) Mixing MixinPlayerEntity from lunarium.mixins.json into net.minecraft.entity.player.PlayerEntity
[17:12:34] [main/DEBUG] (mixin) Mixing MixinSharedConstants from lunarium.mixins.json into net.minecraft.SharedConstants
[17:12:34] [main/DEBUG] (mixin) Mixing MixinBlock from lunarium.mixins.json into net.minecraft.block.Block
[17:12:35] [main/DEBUG] (mixin) Mixing MixinAbstractBlock from lunarium.mixins.json into net.minecraft.block.AbstractBlock
[17:12:35] [main/DEBUG] (mixin) Mixing MixinFlowableFluid from lunarium.mixins.json into net.minecraft.fluid.FlowableFluid
[17:12:38] [main/DEBUG] (mixin) Mixing MixinLlamaEntity from lunarium.mixins.json into net.minecraft.entity.passive.LlamaEntity
[17:12:41] [main/DEBUG] (mixin) Mixing MixinMinecraftClient from lunarium.mixins.json into net.minecraft.client.MinecraftClient
[17:12:41] [main/DEBUG] (mixin) Mixing MixinTitleChanger from lunarium.mixins.json into net.minecraft.client.MinecraftClient
[17:12:41] [main/DEBUG] (mixin) Mixing MixinScreen from lunarium.mixins.json into net.minecraft.client.gui.screen.Screen
[17:12:42] [main/DEBUG] (mixin) Mixing MixinTitleScreen from lunarium.mixins.json into net.minecraft.client.gui.screen.TitleScreen
[17:12:42] [main/DEBUG] (mixin) Renaming synthetic method lambda$0(Lnet/minecraft/client/gui/widget/ButtonWidget;)V to md09928e$lambda$0$0 in lunarium.mixins.json:MixinTitleScreen
[17:12:42] [main/DEBUG] (mixin) Renaming synthetic method lambda$1(Lnet/minecraft/client/gui/widget/ButtonWidget;)V to md09928e$lambda$1$1 in lunarium.mixins.json:MixinTitleScreen
[17:12:42] [main/DEBUG] (mixin) Mixing MixinClientWorld from lunarium.mixins.json into net.minecraft.client.world.ClientWorld
[17:12:42] [main/DEBUG] (mixin) Mixing MixinClientPlayerEntity from lunarium.mixins.json into net.minecraft.client.network.ClientPlayerEntity
[17:12:42] [main/DEBUG] (mixin) Mixing MixinContainerScreen from lunarium.mixins.json into net.minecraft.client.gui.screen.ingame.HandledScreen
[17:12:42] [main/DEBUG] (mixin) Renaming synthetic method lambda$0(Lnet/minecraft/client/gui/widget/ButtonWidget;)V to md09928e$lambda$0$0 in lunarium.mixins.json:MixinContainerScreen
[17:12:42] [main/DEBUG] (mixin) Renaming synthetic method lambda$1(Lnet/minecraft/entity/passive/AbstractDonkeyEntity;Lnet/minecraft/client/gui/widget/ButtonWidget;)V to md09928e$lambda$1$1 in lunarium.mixins.json:MixinContainerScreen
[17:12:42] [main/DEBUG] (mixin) Mixing MixinRenderTickCounter from lunarium.mixins.json into net.minecraft.client.render.RenderTickCounter
[17:12:43] [main/INFO] (com.mojang.authlib.yggdrasil.YggdrasilAuthenticationService) Environment: authHost='https://authserver.mojang.com', accountsHost='https://api.mojang.com', sessionHost='https://sessionserver.mojang.com', name='PROD'
[17:12:43] [main/INFO] (net.minecraft.client.MinecraftClient) Setting user: Player620
[17:12:43] [main/DEBUG] (Fabric|Loader) Iterating over entrypoint 'main'
[17:12:43] [main/DEBUG] (Fabric|Loader) No subscribers for entrypoint 'client'
[17:12:44] [main/INFO] (net.minecraft.client.MinecraftClient) Backend library: LWJGL version 3.2.2 build 10
[17:12:45] [main/DEBUG] (mixin) Mixing MixinKeyboard from lunarium.mixins.json into net.minecraft.client.Keyboard
[17:12:45] [main/DEBUG] (mixin) Mixing MixinSoundSystem from lunarium.mixins.json into net.minecraft.client.sound.SoundSystem
[17:12:45] [main/DEBUG] (mixin) Mixing MixinEntityRenderer from lunarium.mixins.json into net.minecraft.client.render.entity.EntityRenderer
[17:12:46] [main/DEBUG] (mixin) Mixing FirstPersonRendererAccessor from lunarium.mixins.json into net.minecraft.client.render.item.HeldItemRenderer
[17:12:46] [main/DEBUG] (mixin) Mixing MixinGameRenderer from lunarium.mixins.json into net.minecraft.client.render.GameRenderer
[17:12:46] [main/DEBUG] (mixin) Mixing MixinCamera from lunarium.mixins.json into net.minecraft.client.render.Camera
[17:12:46] [main/DEBUG] (mixin) Mixing MixinMapRenderer from lunarium.mixins.json into net.minecraft.client.gui.MapRenderer
[17:12:46] [main/DEBUG] (mixin) Mixing MixinBlockModelRenderer from lunarium.mixins.json into net.minecraft.client.render.block.BlockModelRenderer
[17:12:46] [main/DEBUG] (mixin) Mixing MixinFluidRenderer from lunarium.mixins.json into net.minecraft.client.render.block.FluidRenderer
[17:12:46] [main/DEBUG] (mixin) Mixing MixinWorldRenderer from lunarium.mixins.json into net.minecraft.client.render.WorldRenderer
[17:12:46] [main/DEBUG] (mixin) Mixing MixinParticleManager from lunarium.mixins.json into net.minecraft.client.particle.ParticleManager
[17:12:46] [main/DEBUG] (mixin) Mixing MixinIngameHud from lunarium.mixins.json into net.minecraft.client.gui.hud.InGameHud
[17:12:46] [main/DEBUG] (mixin) Mixing MixinBossBarHud from lunarium.mixins.json into net.minecraft.client.gui.hud.BossBarHud
[17:12:46] [main/INFO] (com.mojang.text2speech.NarratorWindows) Narrator library for x64 successfully loaded
[17:12:47] [main/DEBUG] (mixin) Mixing MixinServerScreen from lunarium.mixins.json into net.minecraft.client.gui.screen.multiplayer.MultiplayerScreen
[17:12:47] [main/DEBUG] (mixin) Renaming synthetic method lambda$0(Lnet/minecraft/client/gui/widget/ButtonWidget;)V to md09928e$lambda$0$0 in lunarium.mixins.json:MixinServerScreen
[17:12:47] [main/DEBUG] (mixin) Renaming synthetic method lambda$1(Lnet/minecraft/client/gui/widget/ButtonWidget;)V to md09928e$lambda$1$1 in lunarium.mixins.json:MixinServerScreen
[17:12:47] [main/DEBUG] (mixin) Renaming synthetic method lambda$2(Lnet/minecraft/client/gui/widget/ButtonWidget;)V to md09928e$lambda$2$2 in lunarium.mixins.json:MixinServerScreen
[17:12:48] [main/INFO] (net.minecraft.resource.ReloadableResourceManagerImpl) Reloading ResourceManager: Default
[17:12:48] [main/DEBUG] (mixin) Mixing MixinBackgroundRenderer from lunarium.mixins.json into net.minecraft.client.render.BackgroundRenderer
[17:12:53] [Realms Notification Availability checker #1/INFO] (net.minecraft.client.realms.RealmsClient) Could not authorize you against Realms server: Invalid session id
[17:12:56] [main/INFO] (net.minecraft.client.sound.SoundEngine) OpenAL initialized.
[17:12:56] [main/INFO] (net.minecraft.client.sound.SoundSystem) Sound engine started
[17:12:57] [main/INFO] (net.minecraft.client.texture.SpriteAtlasTexture) Created: 1024x1024x4 minecraft:textures/atlas/blocks.png-atlas
[17:12:57] [main/INFO] (net.minecraft.client.texture.SpriteAtlasTexture) Created: 256x128x4 minecraft:textures/atlas/signs.png-atlas
[17:12:57] [main/INFO] (net.minecraft.client.texture.SpriteAtlasTexture) Created: 1024x512x4 minecraft:textures/atlas/banner_patterns.png-atlas
[17:12:57] [main/INFO] (net.minecraft.client.texture.SpriteAtlasTexture) Created: 1024x512x4 minecraft:textures/atlas/shield_patterns.png-atlas
[17:12:57] [main/INFO] (net.minecraft.client.texture.SpriteAtlasTexture) Created: 256x256x4 minecraft:textures/atlas/chest.png-atlas
[17:12:57] [main/INFO] (net.minecraft.client.texture.SpriteAtlasTexture) Created: 512x256x4 minecraft:textures/atlas/beds.png-atlas
[17:12:57] [main/INFO] (net.minecraft.client.texture.SpriteAtlasTexture) Created: 512x256x4 minecraft:textures/atlas/shulker_boxes.png-atlas
[17:12:59] [main/INFO] (net.minecraft.client.texture.SpriteAtlasTexture) Created: 256x256x0 minecraft:textures/atlas/particles.png-atlas
[17:12:59] [main/INFO] (net.minecraft.client.texture.SpriteAtlasTexture) Created: 256x256x0 minecraft:textures/atlas/paintings.png-atlas
[17:12:59] [main/INFO] (net.minecraft.client.texture.SpriteAtlasTexture) Created: 256x128x0 minecraft:textures/atlas/mob_effects.png-atlas
[17:13:07] [Server Pinger #0/DEBUG] (mixin) Mixing MixinClientConnection from lunarium.mixins.json into net.minecraft.network.ClientConnection
[17:13:08] [main/DEBUG] (mixin) Mixing MixinSignBlockEntityRenderer from lunarium.mixins.json into net.minecraft.client.render.block.entity.SignBlockEntityRenderer
[17:13:08] [main/INFO] (net.minecraft.client.gui.screen.ConnectScreen) Connecting to play.v2vmc.com, 25565
[17:13:10] [Netty Client IO #0/DEBUG] (mixin) Mixing MixinPacketInflater from lunarium.mixins.json into net.minecraft.network.PacketInflater
[17:13:12] [main/DEBUG] (mixin) Mixing MixinClientPlayerInteractionManager from lunarium.mixins.json into net.minecraft.client.network.ClientPlayerInteractionManager
[17:13:12] [main/DEBUG] (mixin) Mixing MixinChunkSkylightProvider from lunarium.mixins.json into net.minecraft.world.chunk.light.ChunkSkyLightProvider
[17:13:12] [main/DEBUG] (mixin) Mixing MixinSkyProperties from lunarium.mixins.json into net.minecraft.client.render.SkyProperties
[17:13:12] [main/INFO] (com.mojang.authlib.yggdrasil.YggdrasilAuthenticationService) Environment: authHost='https://authserver.mojang.com', accountsHost='https://api.mojang.com', sessionHost='https://sessionserver.mojang.com', name='PROD'
[17:13:12] [main/WARN] (net.minecraft.client.network.ClientPlayNetworkHandler) Unknown custom packed identifier: minecraft:register
[17:13:15] [main/FATAL] (net.minecraft.util.thread.ThreadExecutor) Error executing task on Client
java.lang.NullPointerException: null
	at net.minecraft.scoreboard.Scoreboard.removeTeam(Scoreboard.java:206) ~[minecraft-1.16.2-mapped-net.fabricmc.yarn-1.16.2+build.14-v2.jar:?]
	at net.minecraft.client.network.ClientPlayNetworkHandler.onTeam(ClientPlayNetworkHandler.java:2071) ~[minecraft-1.16.2-mapped-net.fabricmc.yarn-1.16.2+build.14-v2.jar:?]
	at net.minecraft.network.packet.s2c.play.TeamS2CPacket.apply(TeamS2CPacket.java:134) ~[minecraft-1.16.2-mapped-net.fabricmc.yarn-1.16.2+build.14-v2.jar:?]
	at net.minecraft.network.packet.s2c.play.TeamS2CPacket.apply(TeamS2CPacket.java:67) ~[minecraft-1.16.2-mapped-net.fabricmc.yarn-1.16.2+build.14-v2.jar:?]
	at net.minecraft.network.NetworkThreadUtils.method_11072(NetworkThreadUtils.java:20) ~[minecraft-1.16.2-mapped-net.fabricmc.yarn-1.16.2+build.14-v2.jar:?]
	at net.minecraft.util.thread.ThreadExecutor.executeTask(ThreadExecutor.java:136) [minecraft-1.16.2-mapped-net.fabricmc.yarn-1.16.2+build.14-v2.jar:?]
	at net.minecraft.util.thread.ReentrantThreadExecutor.executeTask(ReentrantThreadExecutor.java:22) [minecraft-1.16.2-mapped-net.fabricmc.yarn-1.16.2+build.14-v2.jar:?]
	at net.minecraft.util.thread.ThreadExecutor.runTask(ThreadExecutor.java:109) [minecraft-1.16.2-mapped-net.fabricmc.yarn-1.16.2+build.14-v2.jar:?]
	at net.minecraft.util.thread.ThreadExecutor.runTasks(ThreadExecutor.java:97) [minecraft-1.16.2-mapped-net.fabricmc.yarn-1.16.2+build.14-v2.jar:?]
	at net.minecraft.client.MinecraftClient.render(MinecraftClient.java:956) [minecraft-1.16.2-mapped-net.fabricmc.yarn-1.16.2+build.14-v2.jar:?]
	at net.minecraft.client.MinecraftClient.run(MinecraftClient.java:601) [minecraft-1.16.2-mapped-net.fabricmc.yarn-1.16.2+build.14-v2.jar:?]
	at net.minecraft.client.main.Main.main(Main.java:187) [minecraft-1.16.2-mapped-net.fabricmc.yarn-1.16.2+build.14-v2.jar:?]
	at jdk.internal.reflect.NativeMethodAccessorImpl.invoke0(Native Method) ~[?:?]
	at jdk.internal.reflect.NativeMethodAccessorImpl.invoke(NativeMethodAccessorImpl.java:62) ~[?:?]
	at jdk.internal.reflect.DelegatingMethodAccessorImpl.invoke(DelegatingMethodAccessorImpl.java:43) ~[?:?]
	at java.lang.reflect.Method.invoke(Method.java:564) ~[?:?]
	at net.fabricmc.loader.game.MinecraftGameProvider.launch(MinecraftGameProvider.java:192) [fabric-loader-0.9.1+build.205@net.fabricmc.yarn.1_16_2.1.16.2+build.14-v2.jar:?]
	at net.fabricmc.loader.launch.knot.Knot.init(Knot.java:140) [fabric-loader-0.9.1+build.205@net.fabricmc.yarn.1_16_2.1.16.2+build.14-v2.jar:?]
	at net.fabricmc.loader.launch.knot.KnotClient.main(KnotClient.java:26) [fabric-loader-0.9.1+build.205@net.fabricmc.yarn.1_16_2.1.16.2+build.14-v2.jar:?]
	at net.fabricmc.devlaunchinjector.Main.main(Main.java:86) [dev-launch-injector-0.2.1+build.8.jar:?]
[17:13:15] [main/FATAL] (net.minecraft.util.thread.ThreadExecutor) Error executing task on Client
java.lang.NullPointerException: null
	at net.minecraft.scoreboard.Scoreboard.removeTeam(Scoreboard.java:206) ~[minecraft-1.16.2-mapped-net.fabricmc.yarn-1.16.2+build.14-v2.jar:?]
	at net.minecraft.client.network.ClientPlayNetworkHandler.onTeam(ClientPlayNetworkHandler.java:2071) ~[minecraft-1.16.2-mapped-net.fabricmc.yarn-1.16.2+build.14-v2.jar:?]
	at net.minecraft.network.packet.s2c.play.TeamS2CPacket.apply(TeamS2CPacket.java:134) ~[minecraft-1.16.2-mapped-net.fabricmc.yarn-1.16.2+build.14-v2.jar:?]
	at net.minecraft.network.packet.s2c.play.TeamS2CPacket.apply(TeamS2CPacket.java:67) ~[minecraft-1.16.2-mapped-net.fabricmc.yarn-1.16.2+build.14-v2.jar:?]
	at net.minecraft.network.NetworkThreadUtils.method_11072(NetworkThreadUtils.java:20) ~[minecraft-1.16.2-mapped-net.fabricmc.yarn-1.16.2+build.14-v2.jar:?]
	at net.minecraft.util.thread.ThreadExecutor.executeTask(ThreadExecutor.java:136) [minecraft-1.16.2-mapped-net.fabricmc.yarn-1.16.2+build.14-v2.jar:?]
	at net.minecraft.util.thread.ReentrantThreadExecutor.executeTask(ReentrantThreadExecutor.java:22) [minecraft-1.16.2-mapped-net.fabricmc.yarn-1.16.2+build.14-v2.jar:?]
	at net.minecraft.util.thread.ThreadExecutor.runTask(ThreadExecutor.java:109) [minecraft-1.16.2-mapped-net.fabricmc.yarn-1.16.2+build.14-v2.jar:?]
	at net.minecraft.util.thread.ThreadExecutor.runTasks(ThreadExecutor.java:97) [minecraft-1.16.2-mapped-net.fabricmc.yarn-1.16.2+build.14-v2.jar:?]
	at net.minecraft.client.MinecraftClient.render(MinecraftClient.java:956) [minecraft-1.16.2-mapped-net.fabricmc.yarn-1.16.2+build.14-v2.jar:?]
	at net.minecraft.client.MinecraftClient.run(MinecraftClient.java:601) [minecraft-1.16.2-mapped-net.fabricmc.yarn-1.16.2+build.14-v2.jar:?]
	at net.minecraft.client.main.Main.main(Main.java:187) [minecraft-1.16.2-mapped-net.fabricmc.yarn-1.16.2+build.14-v2.jar:?]
	at jdk.internal.reflect.NativeMethodAccessorImpl.invoke0(Native Method) ~[?:?]
	at jdk.internal.reflect.NativeMethodAccessorImpl.invoke(NativeMethodAccessorImpl.java:62) ~[?:?]
	at jdk.internal.reflect.DelegatingMethodAccessorImpl.invoke(DelegatingMethodAccessorImpl.java:43) ~[?:?]
	at java.lang.reflect.Method.invoke(Method.java:564) ~[?:?]
	at net.fabricmc.loader.game.MinecraftGameProvider.launch(MinecraftGameProvider.java:192) [fabric-loader-0.9.1+build.205@net.fabricmc.yarn.1_16_2.1.16.2+build.14-v2.jar:?]
	at net.fabricmc.loader.launch.knot.Knot.init(Knot.java:140) [fabric-loader-0.9.1+build.205@net.fabricmc.yarn.1_16_2.1.16.2+build.14-v2.jar:?]
	at net.fabricmc.loader.launch.knot.KnotClient.main(KnotClient.java:26) [fabric-loader-0.9.1+build.205@net.fabricmc.yarn.1_16_2.1.16.2+build.14-v2.jar:?]
	at net.fabricmc.devlaunchinjector.Main.main(Main.java:86) [dev-launch-injector-0.2.1+build.8.jar:?]
[17:13:15] [main/FATAL] (net.minecraft.util.thread.ThreadExecutor) Error executing task on Client
java.lang.NullPointerException: null
	at net.minecraft.scoreboard.Scoreboard.removeTeam(Scoreboard.java:206) ~[minecraft-1.16.2-mapped-net.fabricmc.yarn-1.16.2+build.14-v2.jar:?]
	at net.minecraft.client.network.ClientPlayNetworkHandler.onTeam(ClientPlayNetworkHandler.java:2071) ~[minecraft-1.16.2-mapped-net.fabricmc.yarn-1.16.2+build.14-v2.jar:?]
	at net.minecraft.network.packet.s2c.play.TeamS2CPacket.apply(TeamS2CPacket.java:134) ~[minecraft-1.16.2-mapped-net.fabricmc.yarn-1.16.2+build.14-v2.jar:?]
	at net.minecraft.network.packet.s2c.play.TeamS2CPacket.apply(TeamS2CPacket.java:67) ~[minecraft-1.16.2-mapped-net.fabricmc.yarn-1.16.2+build.14-v2.jar:?]
	at net.minecraft.network.NetworkThreadUtils.method_11072(NetworkThreadUtils.java:20) ~[minecraft-1.16.2-mapped-net.fabricmc.yarn-1.16.2+build.14-v2.jar:?]
	at net.minecraft.util.thread.ThreadExecutor.executeTask(ThreadExecutor.java:136) [minecraft-1.16.2-mapped-net.fabricmc.yarn-1.16.2+build.14-v2.jar:?]
	at net.minecraft.util.thread.ReentrantThreadExecutor.executeTask(ReentrantThreadExecutor.java:22) [minecraft-1.16.2-mapped-net.fabricmc.yarn-1.16.2+build.14-v2.jar:?]
	at net.minecraft.util.thread.ThreadExecutor.runTask(ThreadExecutor.java:109) [minecraft-1.16.2-mapped-net.fabricmc.yarn-1.16.2+build.14-v2.jar:?]
	at net.minecraft.util.thread.ThreadExecutor.runTasks(ThreadExecutor.java:97) [minecraft-1.16.2-mapped-net.fabricmc.yarn-1.16.2+build.14-v2.jar:?]
	at net.minecraft.client.MinecraftClient.render(MinecraftClient.java:956) [minecraft-1.16.2-mapped-net.fabricmc.yarn-1.16.2+build.14-v2.jar:?]
	at net.minecraft.client.MinecraftClient.run(MinecraftClient.java:601) [minecraft-1.16.2-mapped-net.fabricmc.yarn-1.16.2+build.14-v2.jar:?]
	at net.minecraft.client.main.Main.main(Main.java:187) [minecraft-1.16.2-mapped-net.fabricmc.yarn-1.16.2+build.14-v2.jar:?]
	at jdk.internal.reflect.NativeMethodAccessorImpl.invoke0(Native Method) ~[?:?]
	at jdk.internal.reflect.NativeMethodAccessorImpl.invoke(NativeMethodAccessorImpl.java:62) ~[?:?]
	at jdk.internal.reflect.DelegatingMethodAccessorImpl.invoke(DelegatingMethodAccessorImpl.java:43) ~[?:?]
	at java.lang.reflect.Method.invoke(Method.java:564) ~[?:?]
	at net.fabricmc.loader.game.MinecraftGameProvider.launch(MinecraftGameProvider.java:192) [fabric-loader-0.9.1+build.205@net.fabricmc.yarn.1_16_2.1.16.2+build.14-v2.jar:?]
	at net.fabricmc.loader.launch.knot.Knot.init(Knot.java:140) [fabric-loader-0.9.1+build.205@net.fabricmc.yarn.1_16_2.1.16.2+build.14-v2.jar:?]
	at net.fabricmc.loader.launch.knot.KnotClient.main(KnotClient.java:26) [fabric-loader-0.9.1+build.205@net.fabricmc.yarn.1_16_2.1.16.2+build.14-v2.jar:?]
	at net.fabricmc.devlaunchinjector.Main.main(Main.java:86) [dev-launch-injector-0.2.1+build.8.jar:?]
[17:13:15] [main/FATAL] (net.minecraft.util.thread.ThreadExecutor) Error executing task on Client
java.lang.NullPointerException: null
	at net.minecraft.scoreboard.Scoreboard.removeTeam(Scoreboard.java:206) ~[minecraft-1.16.2-mapped-net.fabricmc.yarn-1.16.2+build.14-v2.jar:?]
	at net.minecraft.client.network.ClientPlayNetworkHandler.onTeam(ClientPlayNetworkHandler.java:2071) ~[minecraft-1.16.2-mapped-net.fabricmc.yarn-1.16.2+build.14-v2.jar:?]
	at net.minecraft.network.packet.s2c.play.TeamS2CPacket.apply(TeamS2CPacket.java:134) ~[minecraft-1.16.2-mapped-net.fabricmc.yarn-1.16.2+build.14-v2.jar:?]
	at net.minecraft.network.packet.s2c.play.TeamS2CPacket.apply(TeamS2CPacket.java:67) ~[minecraft-1.16.2-mapped-net.fabricmc.yarn-1.16.2+build.14-v2.jar:?]
	at net.minecraft.network.NetworkThreadUtils.method_11072(NetworkThreadUtils.java:20) ~[minecraft-1.16.2-mapped-net.fabricmc.yarn-1.16.2+build.14-v2.jar:?]
	at net.minecraft.util.thread.ThreadExecutor.executeTask(ThreadExecutor.java:136) [minecraft-1.16.2-mapped-net.fabricmc.yarn-1.16.2+build.14-v2.jar:?]
	at net.minecraft.util.thread.ReentrantThreadExecutor.executeTask(ReentrantThreadExecutor.java:22) [minecraft-1.16.2-mapped-net.fabricmc.yarn-1.16.2+build.14-v2.jar:?]
	at net.minecraft.util.thread.ThreadExecutor.runTask(ThreadExecutor.java:109) [minecraft-1.16.2-mapped-net.fabricmc.yarn-1.16.2+build.14-v2.jar:?]
	at net.minecraft.util.thread.ThreadExecutor.runTasks(ThreadExecutor.java:97) [minecraft-1.16.2-mapped-net.fabricmc.yarn-1.16.2+build.14-v2.jar:?]
	at net.minecraft.client.MinecraftClient.render(MinecraftClient.java:956) [minecraft-1.16.2-mapped-net.fabricmc.yarn-1.16.2+build.14-v2.jar:?]
	at net.minecraft.client.MinecraftClient.run(MinecraftClient.java:601) [minecraft-1.16.2-mapped-net.fabricmc.yarn-1.16.2+build.14-v2.jar:?]
	at net.minecraft.client.main.Main.main(Main.java:187) [minecraft-1.16.2-mapped-net.fabricmc.yarn-1.16.2+build.14-v2.jar:?]
	at jdk.internal.reflect.NativeMethodAccessorImpl.invoke0(Native Method) ~[?:?]
	at jdk.internal.reflect.NativeMethodAccessorImpl.invoke(NativeMethodAccessorImpl.java:62) ~[?:?]
	at jdk.internal.reflect.DelegatingMethodAccessorImpl.invoke(DelegatingMethodAccessorImpl.java:43) ~[?:?]
	at java.lang.reflect.Method.invoke(Method.java:564) ~[?:?]
	at net.fabricmc.loader.game.MinecraftGameProvider.launch(MinecraftGameProvider.java:192) [fabric-loader-0.9.1+build.205@net.fabricmc.yarn.1_16_2.1.16.2+build.14-v2.jar:?]
	at net.fabricmc.loader.launch.knot.Knot.init(Knot.java:140) [fabric-loader-0.9.1+build.205@net.fabricmc.yarn.1_16_2.1.16.2+build.14-v2.jar:?]
	at net.fabricmc.loader.launch.knot.KnotClient.main(KnotClient.java:26) [fabric-loader-0.9.1+build.205@net.fabricmc.yarn.1_16_2.1.16.2+build.14-v2.jar:?]
	at net.fabricmc.devlaunchinjector.Main.main(Main.java:86) [dev-launch-injector-0.2.1+build.8.jar:?]
[17:13:15] [main/FATAL] (net.minecraft.util.thread.ThreadExecutor) Error executing task on Client
java.lang.NullPointerException: null
	at net.minecraft.scoreboard.Scoreboard.removeTeam(Scoreboard.java:206) ~[minecraft-1.16.2-mapped-net.fabricmc.yarn-1.16.2+build.14-v2.jar:?]
	at net.minecraft.client.network.ClientPlayNetworkHandler.onTeam(ClientPlayNetworkHandler.java:2071) ~[minecraft-1.16.2-mapped-net.fabricmc.yarn-1.16.2+build.14-v2.jar:?]
	at net.minecraft.network.packet.s2c.play.TeamS2CPacket.apply(TeamS2CPacket.java:134) ~[minecraft-1.16.2-mapped-net.fabricmc.yarn-1.16.2+build.14-v2.jar:?]
	at net.minecraft.network.packet.s2c.play.TeamS2CPacket.apply(TeamS2CPacket.java:67) ~[minecraft-1.16.2-mapped-net.fabricmc.yarn-1.16.2+build.14-v2.jar:?]
	at net.minecraft.network.NetworkThreadUtils.method_11072(NetworkThreadUtils.java:20) ~[minecraft-1.16.2-mapped-net.fabricmc.yarn-1.16.2+build.14-v2.jar:?]
	at net.minecraft.util.thread.ThreadExecutor.executeTask(ThreadExecutor.java:136) [minecraft-1.16.2-mapped-net.fabricmc.yarn-1.16.2+build.14-v2.jar:?]
	at net.minecraft.util.thread.ReentrantThreadExecutor.executeTask(ReentrantThreadExecutor.java:22) [minecraft-1.16.2-mapped-net.fabricmc.yarn-1.16.2+build.14-v2.jar:?]
	at net.minecraft.util.thread.ThreadExecutor.runTask(ThreadExecutor.java:109) [minecraft-1.16.2-mapped-net.fabricmc.yarn-1.16.2+build.14-v2.jar:?]
	at net.minecraft.util.thread.ThreadExecutor.runTasks(ThreadExecutor.java:97) [minecraft-1.16.2-mapped-net.fabricmc.yarn-1.16.2+build.14-v2.jar:?]
	at net.minecraft.client.MinecraftClient.render(MinecraftClient.java:956) [minecraft-1.16.2-mapped-net.fabricmc.yarn-1.16.2+build.14-v2.jar:?]
	at net.minecraft.client.MinecraftClient.run(MinecraftClient.java:601) [minecraft-1.16.2-mapped-net.fabricmc.yarn-1.16.2+build.14-v2.jar:?]
	at net.minecraft.client.main.Main.main(Main.java:187) [minecraft-1.16.2-mapped-net.fabricmc.yarn-1.16.2+build.14-v2.jar:?]
	at jdk.internal.reflect.NativeMethodAccessorImpl.invoke0(Native Method) ~[?:?]
	at jdk.internal.reflect.NativeMethodAccessorImpl.invoke(NativeMethodAccessorImpl.java:62) ~[?:?]
	at jdk.internal.reflect.DelegatingMethodAccessorImpl.invoke(DelegatingMethodAccessorImpl.java:43) ~[?:?]
	at java.lang.reflect.Method.invoke(Method.java:564) ~[?:?]
	at net.fabricmc.loader.game.MinecraftGameProvider.launch(MinecraftGameProvider.java:192) [fabric-loader-0.9.1+build.205@net.fabricmc.yarn.1_16_2.1.16.2+build.14-v2.jar:?]
	at net.fabricmc.loader.launch.knot.Knot.init(Knot.java:140) [fabric-loader-0.9.1+build.205@net.fabricmc.yarn.1_16_2.1.16.2+build.14-v2.jar:?]
	at net.fabricmc.loader.launch.knot.KnotClient.main(KnotClient.java:26) [fabric-loader-0.9.1+build.205@net.fabricmc.yarn.1_16_2.1.16.2+build.14-v2.jar:?]
	at net.fabricmc.devlaunchinjector.Main.main(Main.java:86) [dev-launch-injector-0.2.1+build.8.jar:?]
[17:13:15] [main/FATAL] (net.minecraft.util.thread.ThreadExecutor) Error executing task on Client
java.lang.NullPointerException: null
	at net.minecraft.scoreboard.Scoreboard.removeTeam(Scoreboard.java:206) ~[minecraft-1.16.2-mapped-net.fabricmc.yarn-1.16.2+build.14-v2.jar:?]
	at net.minecraft.client.network.ClientPlayNetworkHandler.onTeam(ClientPlayNetworkHandler.java:2071) ~[minecraft-1.16.2-mapped-net.fabricmc.yarn-1.16.2+build.14-v2.jar:?]
	at net.minecraft.network.packet.s2c.play.TeamS2CPacket.apply(TeamS2CPacket.java:134) ~[minecraft-1.16.2-mapped-net.fabricmc.yarn-1.16.2+build.14-v2.jar:?]
	at net.minecraft.network.packet.s2c.play.TeamS2CPacket.apply(TeamS2CPacket.java:67) ~[minecraft-1.16.2-mapped-net.fabricmc.yarn-1.16.2+build.14-v2.jar:?]
	at net.minecraft.network.NetworkThreadUtils.method_11072(NetworkThreadUtils.java:20) ~[minecraft-1.16.2-mapped-net.fabricmc.yarn-1.16.2+build.14-v2.jar:?]
	at net.minecraft.util.thread.ThreadExecutor.executeTask(ThreadExecutor.java:136) [minecraft-1.16.2-mapped-net.fabricmc.yarn-1.16.2+build.14-v2.jar:?]
	at net.minecraft.util.thread.ReentrantThreadExecutor.executeTask(ReentrantThreadExecutor.java:22) [minecraft-1.16.2-mapped-net.fabricmc.yarn-1.16.2+build.14-v2.jar:?]
	at net.minecraft.util.thread.ThreadExecutor.runTask(ThreadExecutor.java:109) [minecraft-1.16.2-mapped-net.fabricmc.yarn-1.16.2+build.14-v2.jar:?]
	at net.minecraft.util.thread.ThreadExecutor.runTasks(ThreadExecutor.java:97) [minecraft-1.16.2-mapped-net.fabricmc.yarn-1.16.2+build.14-v2.jar:?]
	at net.minecraft.client.MinecraftClient.render(MinecraftClient.java:956) [minecraft-1.16.2-mapped-net.fabricmc.yarn-1.16.2+build.14-v2.jar:?]
	at net.minecraft.client.MinecraftClient.run(MinecraftClient.java:601) [minecraft-1.16.2-mapped-net.fabricmc.yarn-1.16.2+build.14-v2.jar:?]
	at net.minecraft.client.main.Main.main(Main.java:187) [minecraft-1.16.2-mapped-net.fabricmc.yarn-1.16.2+build.14-v2.jar:?]
	at jdk.internal.reflect.NativeMethodAccessorImpl.invoke0(Native Method) ~[?:?]
	at jdk.internal.reflect.NativeMethodAccessorImpl.invoke(NativeMethodAccessorImpl.java:62) ~[?:?]
	at jdk.internal.reflect.DelegatingMethodAccessorImpl.invoke(DelegatingMethodAccessorImpl.java:43) ~[?:?]
	at java.lang.reflect.Method.invoke(Method.java:564) ~[?:?]
	at net.fabricmc.loader.game.MinecraftGameProvider.launch(MinecraftGameProvider.java:192) [fabric-loader-0.9.1+build.205@net.fabricmc.yarn.1_16_2.1.16.2+build.14-v2.jar:?]
	at net.fabricmc.loader.launch.knot.Knot.init(Knot.java:140) [fabric-loader-0.9.1+build.205@net.fabricmc.yarn.1_16_2.1.16.2+build.14-v2.jar:?]
	at net.fabricmc.loader.launch.knot.KnotClient.main(KnotClient.java:26) [fabric-loader-0.9.1+build.205@net.fabricmc.yarn.1_16_2.1.16.2+build.14-v2.jar:?]
	at net.fabricmc.devlaunchinjector.Main.main(Main.java:86) [dev-launch-injector-0.2.1+build.8.jar:?]
[17:13:15] [main/INFO] (net.minecraft.client.gui.hud.ChatHud) [CHAT] Player620 joined the game
[17:13:15] [main/INFO] (net.minecraft.advancement.AdvancementManager) Loaded 0 advancements
[17:13:15] [main/INFO] (net.minecraft.client.gui.hud.ChatHud) [CHAT] Для регистрации вы должны ввести сперва каптчу командой: /captcha 324fh
[17:13:16] [main/DEBUG] (mixin) Mixing MixinChunkOcclusionGraphBuilder from lunarium.mixins.json into net.minecraft.client.render.chunk.ChunkOcclusionDataBuilder
[17:13:17] [main/DEBUG] (mixin) Mixing MixinInGameOverlayRenderer from lunarium.mixins.json into net.minecraft.client.gui.hud.InGameOverlayRenderer
[17:13:17] [Worker-Main-4/DEBUG] (com.mojang.authlib.HttpAuthenticationService) Opening connection to https://sessionserver.mojang.com/session/minecraft/profile/42468be1405936e2be82cb1721e83191?unsigned=true
[17:13:17] [Worker-Main-4/DEBUG] (com.mojang.authlib.HttpAuthenticationService) Reading data from https://sessionserver.mojang.com/session/minecraft/profile/42468be1405936e2be82cb1721e83191?unsigned=true
[17:13:17] [Worker-Main-4/DEBUG] (com.mojang.authlib.HttpAuthenticationService) Successful read, server response was 204
[17:13:17] [Worker-Main-4/DEBUG] (com.mojang.authlib.HttpAuthenticationService) Response: 
[17:13:17] [Worker-Main-4/DEBUG] (com.mojang.authlib.yggdrasil.YggdrasilMinecraftSessionService) Couldn't fetch profile properties for com.mojang.authlib.GameProfile@2a996e02[id=42468be1-4059-36e2-be82-cb1721e83191,name=Player620,properties={},legacy=false] as the profile does not exist
[17:13:17] [main/INFO] (net.minecraft.client.gui.hud.ChatHud) [CHAT] Для регистрации вы должны ввести сперва каптчу командой: /captcha 324fh
[17:13:19] [main/INFO] (net.minecraft.client.gui.hud.ChatHud) [CHAT] Cat drowned
[17:13:22] [main/INFO] (net.minecraft.client.gui.hud.ChatHud) [CHAT] Для регистрации вы должны ввести сперва каптчу командой: /captcha 324fh
[17:13:26] [main/INFO] (net.minecraft.client.MinecraftClient) Stopping!
