[17:12:32] [main/INFO] (FabricLoader) Loading for game Minecraft 1.16.2
[17:12:33] [main/INFO] (Fabric|Loader) [FabricLoader] Loading 3 mods: minecraft@1.16.2, lunarium@${version}, fabricloader@0.9.1+build.205
[17:12:33] [main/WARN] (Fabric|Loader) Mod `lunarium` (${version}) does not respect SemVer - comparison support is limited.
[17:12:33] [main/INFO] (mixin) SpongePowered MIXIN Subsystem Version=0.8.1 Source=file:/C:/Users/ADMIN/.gradle/caches/modules-2/files-2.1/net.fabricmc/sponge-mixin/0.8.1+build.21/94da90bdbee9f95bf6d6c41ca87943419a0b5624/sponge-mixin-0.8.1+build.21.jar Service=Knot/Fabric Env=CLIENT
[17:12:33] [main/INFO] (Fabric|MixinBootstrap) Loaded Fabric development mappings for mixin remapper!
[17:12:43] [main/INFO] (Minecraft) Environment: authHost='https://authserver.mojang.com', accountsHost='https://api.mojang.com', sessionHost='https://sessionserver.mojang.com', name='PROD'
[17:12:43] [main/INFO] (Minecraft) Setting user: Player620
[17:12:44] [main/INFO] (Minecraft) Backend library: LWJGL version 3.2.2 build 10
[17:12:46] [main/INFO] (Minecraft) Narrator library for x64 successfully loaded
[17:12:48] [main/INFO] (Minecraft) Reloading ResourceManager: Default
[17:12:53] [Realms Notification Availability checker #1/INFO] (Minecraft) Could not authorize you against Realms server: Invalid session id
[17:12:56] [main/INFO] (Minecraft) OpenAL initialized.
[17:12:56] [main/INFO] (Minecraft) Sound engine started
[17:12:57] [main/INFO] (Minecraft) Created: 1024x1024x4 minecraft:textures/atlas/blocks.png-atlas
[17:12:57] [main/INFO] (Minecraft) Created: 256x128x4 minecraft:textures/atlas/signs.png-atlas
[17:12:57] [main/INFO] (Minecraft) Created: 1024x512x4 minecraft:textures/atlas/banner_patterns.png-atlas
[17:12:57] [main/INFO] (Minecraft) Created: 1024x512x4 minecraft:textures/atlas/shield_patterns.png-atlas
[17:12:57] [main/INFO] (Minecraft) Created: 256x256x4 minecraft:textures/atlas/chest.png-atlas
[17:12:57] [main/INFO] (Minecraft) Created: 512x256x4 minecraft:textures/atlas/beds.png-atlas
[17:12:57] [main/INFO] (Minecraft) Created: 512x256x4 minecraft:textures/atlas/shulker_boxes.png-atlas
[17:12:59] [main/INFO] (Minecraft) Created: 256x256x0 minecraft:textures/atlas/particles.png-atlas
[17:12:59] [main/INFO] (Minecraft) Created: 256x256x0 minecraft:textures/atlas/paintings.png-atlas
[17:12:59] [main/INFO] (Minecraft) Created: 256x128x0 minecraft:textures/atlas/mob_effects.png-atlas
[17:13:08] [main/INFO] (Minecraft) Connecting to play.v2vmc.com, 25565
[17:13:12] [main/INFO] (Minecraft) Environment: authHost='https://authserver.mojang.com', accountsHost='https://api.mojang.com', sessionHost='https://sessionserver.mojang.com', name='PROD'
[17:13:12] [main/WARN] (Minecraft) Unknown custom packed identifier: minecraft:register
[17:13:15] [main/FATAL] (Minecraft) Error executing task on Client
java.lang.NullPointerException: null
	at net.minecraft.scoreboard.Scoreboard.removeTeam(Scoreboard.java:206) ~[minecraft-1.16.2-mapped-net.fabricmc.yarn-1.16.2+build.14-v2.jar:?]
	at net.minecraft.client.network.ClientPlayNetworkHandler.onTeam(ClientPlayNetworkHandler.java:2071) ~[minecraft-1.16.2-mapped-net.fabricmc.yarn-1.16.2+build.14-v2.jar:?]
	at net.minecraft.network.packet.s2c.play.TeamS2CPacket.apply(TeamS2CPacket.java:134) ~[minecraft-1.16.2-mapped-net.fabricmc.yarn-1.16.2+build.14-v2.jar:?]
	at net.minecraft.network.packet.s2c.play.TeamS2CPacket.apply(TeamS2CPacket.java:67) ~[minecraft-1.16.2-mapped-net.fabricmc.yarn-1.16.2+build.14-v2.jar:?]
	at net.minecraft.network.NetworkThreadUtils.method_11072(NetworkThreadUtils.java:20) ~[minecraft-1.16.2-mapped-net.fabricmc.yarn-1.16.2+build.14-v2.jar:?]
	at net.minecraft.util.thread.ThreadExecutor.executeTask(ThreadExecutor.java:136) [minecraft-1.16.2-mapped-net.fabricmc.yarn-1.16.2+build.14-v2.jar:?]
	at net.minecraft.util.thread.ReentrantThreadExecutor.executeTask(ReentrantThreadExecutor.java:22) [minecraft-1.16.2-mapped-net.fabricmc.yarn-1.16.2+build.14-v2.jar:?]
	at net.minecraft.util.thread.ThreadExecutor.runTask(ThreadExecutor.java:109) [minecraft-1.16.2-mapped-net.fabricmc.yarn-1.16.2+build.14-v2.jar:?]
	at net.minecraft.util.thread.ThreadExecutor.runTasks(ThreadExecutor.java:97) [minecraft-1.16.2-mapped-net.fabricmc.yarn-1.16.2+build.14-v2.jar:?]
	at net.minecraft.client.MinecraftClient.render(MinecraftClient.java:956) [minecraft-1.16.2-mapped-net.fabricmc.yarn-1.16.2+build.14-v2.jar:?]
	at net.minecraft.client.MinecraftClient.run(MinecraftClient.java:601) [minecraft-1.16.2-mapped-net.fabricmc.yarn-1.16.2+build.14-v2.jar:?]
	at net.minecraft.client.main.Main.main(Main.java:187) [minecraft-1.16.2-mapped-net.fabricmc.yarn-1.16.2+build.14-v2.jar:?]
	at jdk.internal.reflect.NativeMethodAccessorImpl.invoke0(Native Method) ~[?:?]
	at jdk.internal.reflect.NativeMethodAccessorImpl.invoke(NativeMethodAccessorImpl.java:62) ~[?:?]
	at jdk.internal.reflect.DelegatingMethodAccessorImpl.invoke(DelegatingMethodAccessorImpl.java:43) ~[?:?]
	at java.lang.reflect.Method.invoke(Method.java:564) ~[?:?]
	at net.fabricmc.loader.game.MinecraftGameProvider.launch(MinecraftGameProvider.java:192) [fabric-loader-0.9.1+build.205@net.fabricmc.yarn.1_16_2.1.16.2+build.14-v2.jar:?]
	at net.fabricmc.loader.launch.knot.Knot.init(Knot.java:140) [fabric-loader-0.9.1+build.205@net.fabricmc.yarn.1_16_2.1.16.2+build.14-v2.jar:?]
	at net.fabricmc.loader.launch.knot.KnotClient.main(KnotClient.java:26) [fabric-loader-0.9.1+build.205@net.fabricmc.yarn.1_16_2.1.16.2+build.14-v2.jar:?]
	at net.fabricmc.devlaunchinjector.Main.main(Main.java:86) [dev-launch-injector-0.2.1+build.8.jar:?]
[17:13:15] [main/FATAL] (Minecraft) Error executing task on Client
java.lang.NullPointerException: null
	at net.minecraft.scoreboard.Scoreboard.removeTeam(Scoreboard.java:206) ~[minecraft-1.16.2-mapped-net.fabricmc.yarn-1.16.2+build.14-v2.jar:?]
	at net.minecraft.client.network.ClientPlayNetworkHandler.onTeam(ClientPlayNetworkHandler.java:2071) ~[minecraft-1.16.2-mapped-net.fabricmc.yarn-1.16.2+build.14-v2.jar:?]
	at net.minecraft.network.packet.s2c.play.TeamS2CPacket.apply(TeamS2CPacket.java:134) ~[minecraft-1.16.2-mapped-net.fabricmc.yarn-1.16.2+build.14-v2.jar:?]
	at net.minecraft.network.packet.s2c.play.TeamS2CPacket.apply(TeamS2CPacket.java:67) ~[minecraft-1.16.2-mapped-net.fabricmc.yarn-1.16.2+build.14-v2.jar:?]
	at net.minecraft.network.NetworkThreadUtils.method_11072(NetworkThreadUtils.java:20) ~[minecraft-1.16.2-mapped-net.fabricmc.yarn-1.16.2+build.14-v2.jar:?]
	at net.minecraft.util.thread.ThreadExecutor.executeTask(ThreadExecutor.java:136) [minecraft-1.16.2-mapped-net.fabricmc.yarn-1.16.2+build.14-v2.jar:?]
	at net.minecraft.util.thread.ReentrantThreadExecutor.executeTask(ReentrantThreadExecutor.java:22) [minecraft-1.16.2-mapped-net.fabricmc.yarn-1.16.2+build.14-v2.jar:?]
	at net.minecraft.util.thread.ThreadExecutor.runTask(ThreadExecutor.java:109) [minecraft-1.16.2-mapped-net.fabricmc.yarn-1.16.2+build.14-v2.jar:?]
	at net.minecraft.util.thread.ThreadExecutor.runTasks(ThreadExecutor.java:97) [minecraft-1.16.2-mapped-net.fabricmc.yarn-1.16.2+build.14-v2.jar:?]
	at net.minecraft.client.MinecraftClient.render(MinecraftClient.java:956) [minecraft-1.16.2-mapped-net.fabricmc.yarn-1.16.2+build.14-v2.jar:?]
	at net.minecraft.client.MinecraftClient.run(MinecraftClient.java:601) [minecraft-1.16.2-mapped-net.fabricmc.yarn-1.16.2+build.14-v2.jar:?]
	at net.minecraft.client.main.Main.main(Main.java:187) [minecraft-1.16.2-mapped-net.fabricmc.yarn-1.16.2+build.14-v2.jar:?]
	at jdk.internal.reflect.NativeMethodAccessorImpl.invoke0(Native Method) ~[?:?]
	at jdk.internal.reflect.NativeMethodAccessorImpl.invoke(NativeMethodAccessorImpl.java:62) ~[?:?]
	at jdk.internal.reflect.DelegatingMethodAccessorImpl.invoke(DelegatingMethodAccessorImpl.java:43) ~[?:?]
	at java.lang.reflect.Method.invoke(Method.java:564) ~[?:?]
	at net.fabricmc.loader.game.MinecraftGameProvider.launch(MinecraftGameProvider.java:192) [fabric-loader-0.9.1+build.205@net.fabricmc.yarn.1_16_2.1.16.2+build.14-v2.jar:?]
	at net.fabricmc.loader.launch.knot.Knot.init(Knot.java:140) [fabric-loader-0.9.1+build.205@net.fabricmc.yarn.1_16_2.1.16.2+build.14-v2.jar:?]
	at net.fabricmc.loader.launch.knot.KnotClient.main(KnotClient.java:26) [fabric-loader-0.9.1+build.205@net.fabricmc.yarn.1_16_2.1.16.2+build.14-v2.jar:?]
	at net.fabricmc.devlaunchinjector.Main.main(Main.java:86) [dev-launch-injector-0.2.1+build.8.jar:?]
[17:13:15] [main/FATAL] (Minecraft) Error executing task on Client
java.lang.NullPointerException: null
	at net.minecraft.scoreboard.Scoreboard.removeTeam(Scoreboard.java:206) ~[minecraft-1.16.2-mapped-net.fabricmc.yarn-1.16.2+build.14-v2.jar:?]
	at net.minecraft.client.network.ClientPlayNetworkHandler.onTeam(ClientPlayNetworkHandler.java:2071) ~[minecraft-1.16.2-mapped-net.fabricmc.yarn-1.16.2+build.14-v2.jar:?]
	at net.minecraft.network.packet.s2c.play.TeamS2CPacket.apply(TeamS2CPacket.java:134) ~[minecraft-1.16.2-mapped-net.fabricmc.yarn-1.16.2+build.14-v2.jar:?]
	at net.minecraft.network.packet.s2c.play.TeamS2CPacket.apply(TeamS2CPacket.java:67) ~[minecraft-1.16.2-mapped-net.fabricmc.yarn-1.16.2+build.14-v2.jar:?]
	at net.minecraft.network.NetworkThreadUtils.method_11072(NetworkThreadUtils.java:20) ~[minecraft-1.16.2-mapped-net.fabricmc.yarn-1.16.2+build.14-v2.jar:?]
	at net.minecraft.util.thread.ThreadExecutor.executeTask(ThreadExecutor.java:136) [minecraft-1.16.2-mapped-net.fabricmc.yarn-1.16.2+build.14-v2.jar:?]
	at net.minecraft.util.thread.ReentrantThreadExecutor.executeTask(ReentrantThreadExecutor.java:22) [minecraft-1.16.2-mapped-net.fabricmc.yarn-1.16.2+build.14-v2.jar:?]
	at net.minecraft.util.thread.ThreadExecutor.runTask(ThreadExecutor.java:109) [minecraft-1.16.2-mapped-net.fabricmc.yarn-1.16.2+build.14-v2.jar:?]
	at net.minecraft.util.thread.ThreadExecutor.runTasks(ThreadExecutor.java:97) [minecraft-1.16.2-mapped-net.fabricmc.yarn-1.16.2+build.14-v2.jar:?]
	at net.minecraft.client.MinecraftClient.render(MinecraftClient.java:956) [minecraft-1.16.2-mapped-net.fabricmc.yarn-1.16.2+build.14-v2.jar:?]
	at net.minecraft.client.MinecraftClient.run(MinecraftClient.java:601) [minecraft-1.16.2-mapped-net.fabricmc.yarn-1.16.2+build.14-v2.jar:?]
	at net.minecraft.client.main.Main.main(Main.java:187) [minecraft-1.16.2-mapped-net.fabricmc.yarn-1.16.2+build.14-v2.jar:?]
	at jdk.internal.reflect.NativeMethodAccessorImpl.invoke0(Native Method) ~[?:?]
	at jdk.internal.reflect.NativeMethodAccessorImpl.invoke(NativeMethodAccessorImpl.java:62) ~[?:?]
	at jdk.internal.reflect.DelegatingMethodAccessorImpl.invoke(DelegatingMethodAccessorImpl.java:43) ~[?:?]
	at java.lang.reflect.Method.invoke(Method.java:564) ~[?:?]
	at net.fabricmc.loader.game.MinecraftGameProvider.launch(MinecraftGameProvider.java:192) [fabric-loader-0.9.1+build.205@net.fabricmc.yarn.1_16_2.1.16.2+build.14-v2.jar:?]
	at net.fabricmc.loader.launch.knot.Knot.init(Knot.java:140) [fabric-loader-0.9.1+build.205@net.fabricmc.yarn.1_16_2.1.16.2+build.14-v2.jar:?]
	at net.fabricmc.loader.launch.knot.KnotClient.main(KnotClient.java:26) [fabric-loader-0.9.1+build.205@net.fabricmc.yarn.1_16_2.1.16.2+build.14-v2.jar:?]
	at net.fabricmc.devlaunchinjector.Main.main(Main.java:86) [dev-launch-injector-0.2.1+build.8.jar:?]
[17:13:15] [main/FATAL] (Minecraft) Error executing task on Client
java.lang.NullPointerException: null
	at net.minecraft.scoreboard.Scoreboard.removeTeam(Scoreboard.java:206) ~[minecraft-1.16.2-mapped-net.fabricmc.yarn-1.16.2+build.14-v2.jar:?]
	at net.minecraft.client.network.ClientPlayNetworkHandler.onTeam(ClientPlayNetworkHandler.java:2071) ~[minecraft-1.16.2-mapped-net.fabricmc.yarn-1.16.2+build.14-v2.jar:?]
	at net.minecraft.network.packet.s2c.play.TeamS2CPacket.apply(TeamS2CPacket.java:134) ~[minecraft-1.16.2-mapped-net.fabricmc.yarn-1.16.2+build.14-v2.jar:?]
	at net.minecraft.network.packet.s2c.play.TeamS2CPacket.apply(TeamS2CPacket.java:67) ~[minecraft-1.16.2-mapped-net.fabricmc.yarn-1.16.2+build.14-v2.jar:?]
	at net.minecraft.network.NetworkThreadUtils.method_11072(NetworkThreadUtils.java:20) ~[minecraft-1.16.2-mapped-net.fabricmc.yarn-1.16.2+build.14-v2.jar:?]
	at net.minecraft.util.thread.ThreadExecutor.executeTask(ThreadExecutor.java:136) [minecraft-1.16.2-mapped-net.fabricmc.yarn-1.16.2+build.14-v2.jar:?]
	at net.minecraft.util.thread.ReentrantThreadExecutor.executeTask(ReentrantThreadExecutor.java:22) [minecraft-1.16.2-mapped-net.fabricmc.yarn-1.16.2+build.14-v2.jar:?]
	at net.minecraft.util.thread.ThreadExecutor.runTask(ThreadExecutor.java:109) [minecraft-1.16.2-mapped-net.fabricmc.yarn-1.16.2+build.14-v2.jar:?]
	at net.minecraft.util.thread.ThreadExecutor.runTasks(ThreadExecutor.java:97) [minecraft-1.16.2-mapped-net.fabricmc.yarn-1.16.2+build.14-v2.jar:?]
	at net.minecraft.client.MinecraftClient.render(MinecraftClient.java:956) [minecraft-1.16.2-mapped-net.fabricmc.yarn-1.16.2+build.14-v2.jar:?]
	at net.minecraft.client.MinecraftClient.run(MinecraftClient.java:601) [minecraft-1.16.2-mapped-net.fabricmc.yarn-1.16.2+build.14-v2.jar:?]
	at net.minecraft.client.main.Main.main(Main.java:187) [minecraft-1.16.2-mapped-net.fabricmc.yarn-1.16.2+build.14-v2.jar:?]
	at jdk.internal.reflect.NativeMethodAccessorImpl.invoke0(Native Method) ~[?:?]
	at jdk.internal.reflect.NativeMethodAccessorImpl.invoke(NativeMethodAccessorImpl.java:62) ~[?:?]
	at jdk.internal.reflect.DelegatingMethodAccessorImpl.invoke(DelegatingMethodAccessorImpl.java:43) ~[?:?]
	at java.lang.reflect.Method.invoke(Method.java:564) ~[?:?]
	at net.fabricmc.loader.game.MinecraftGameProvider.launch(MinecraftGameProvider.java:192) [fabric-loader-0.9.1+build.205@net.fabricmc.yarn.1_16_2.1.16.2+build.14-v2.jar:?]
	at net.fabricmc.loader.launch.knot.Knot.init(Knot.java:140) [fabric-loader-0.9.1+build.205@net.fabricmc.yarn.1_16_2.1.16.2+build.14-v2.jar:?]
	at net.fabricmc.loader.launch.knot.KnotClient.main(KnotClient.java:26) [fabric-loader-0.9.1+build.205@net.fabricmc.yarn.1_16_2.1.16.2+build.14-v2.jar:?]
	at net.fabricmc.devlaunchinjector.Main.main(Main.java:86) [dev-launch-injector-0.2.1+build.8.jar:?]
[17:13:15] [main/FATAL] (Minecraft) Error executing task on Client
java.lang.NullPointerException: null
	at net.minecraft.scoreboard.Scoreboard.removeTeam(Scoreboard.java:206) ~[minecraft-1.16.2-mapped-net.fabricmc.yarn-1.16.2+build.14-v2.jar:?]
	at net.minecraft.client.network.ClientPlayNetworkHandler.onTeam(ClientPlayNetworkHandler.java:2071) ~[minecraft-1.16.2-mapped-net.fabricmc.yarn-1.16.2+build.14-v2.jar:?]
	at net.minecraft.network.packet.s2c.play.TeamS2CPacket.apply(TeamS2CPacket.java:134) ~[minecraft-1.16.2-mapped-net.fabricmc.yarn-1.16.2+build.14-v2.jar:?]
	at net.minecraft.network.packet.s2c.play.TeamS2CPacket.apply(TeamS2CPacket.java:67) ~[minecraft-1.16.2-mapped-net.fabricmc.yarn-1.16.2+build.14-v2.jar:?]
	at net.minecraft.network.NetworkThreadUtils.method_11072(NetworkThreadUtils.java:20) ~[minecraft-1.16.2-mapped-net.fabricmc.yarn-1.16.2+build.14-v2.jar:?]
	at net.minecraft.util.thread.ThreadExecutor.executeTask(ThreadExecutor.java:136) [minecraft-1.16.2-mapped-net.fabricmc.yarn-1.16.2+build.14-v2.jar:?]
	at net.minecraft.util.thread.ReentrantThreadExecutor.executeTask(ReentrantThreadExecutor.java:22) [minecraft-1.16.2-mapped-net.fabricmc.yarn-1.16.2+build.14-v2.jar:?]
	at net.minecraft.util.thread.ThreadExecutor.runTask(ThreadExecutor.java:109) [minecraft-1.16.2-mapped-net.fabricmc.yarn-1.16.2+build.14-v2.jar:?]
	at net.minecraft.util.thread.ThreadExecutor.runTasks(ThreadExecutor.java:97) [minecraft-1.16.2-mapped-net.fabricmc.yarn-1.16.2+build.14-v2.jar:?]
	at net.minecraft.client.MinecraftClient.render(MinecraftClient.java:956) [minecraft-1.16.2-mapped-net.fabricmc.yarn-1.16.2+build.14-v2.jar:?]
	at net.minecraft.client.MinecraftClient.run(MinecraftClient.java:601) [minecraft-1.16.2-mapped-net.fabricmc.yarn-1.16.2+build.14-v2.jar:?]
	at net.minecraft.client.main.Main.main(Main.java:187) [minecraft-1.16.2-mapped-net.fabricmc.yarn-1.16.2+build.14-v2.jar:?]
	at jdk.internal.reflect.NativeMethodAccessorImpl.invoke0(Native Method) ~[?:?]
	at jdk.internal.reflect.NativeMethodAccessorImpl.invoke(NativeMethodAccessorImpl.java:62) ~[?:?]
	at jdk.internal.reflect.DelegatingMethodAccessorImpl.invoke(DelegatingMethodAccessorImpl.java:43) ~[?:?]
	at java.lang.reflect.Method.invoke(Method.java:564) ~[?:?]
	at net.fabricmc.loader.game.MinecraftGameProvider.launch(MinecraftGameProvider.java:192) [fabric-loader-0.9.1+build.205@net.fabricmc.yarn.1_16_2.1.16.2+build.14-v2.jar:?]
	at net.fabricmc.loader.launch.knot.Knot.init(Knot.java:140) [fabric-loader-0.9.1+build.205@net.fabricmc.yarn.1_16_2.1.16.2+build.14-v2.jar:?]
	at net.fabricmc.loader.launch.knot.KnotClient.main(KnotClient.java:26) [fabric-loader-0.9.1+build.205@net.fabricmc.yarn.1_16_2.1.16.2+build.14-v2.jar:?]
	at net.fabricmc.devlaunchinjector.Main.main(Main.java:86) [dev-launch-injector-0.2.1+build.8.jar:?]
[17:13:15] [main/FATAL] (Minecraft) Error executing task on Client
java.lang.NullPointerException: null
	at net.minecraft.scoreboard.Scoreboard.removeTeam(Scoreboard.java:206) ~[minecraft-1.16.2-mapped-net.fabricmc.yarn-1.16.2+build.14-v2.jar:?]
	at net.minecraft.client.network.ClientPlayNetworkHandler.onTeam(ClientPlayNetworkHandler.java:2071) ~[minecraft-1.16.2-mapped-net.fabricmc.yarn-1.16.2+build.14-v2.jar:?]
	at net.minecraft.network.packet.s2c.play.TeamS2CPacket.apply(TeamS2CPacket.java:134) ~[minecraft-1.16.2-mapped-net.fabricmc.yarn-1.16.2+build.14-v2.jar:?]
	at net.minecraft.network.packet.s2c.play.TeamS2CPacket.apply(TeamS2CPacket.java:67) ~[minecraft-1.16.2-mapped-net.fabricmc.yarn-1.16.2+build.14-v2.jar:?]
	at net.minecraft.network.NetworkThreadUtils.method_11072(NetworkThreadUtils.java:20) ~[minecraft-1.16.2-mapped-net.fabricmc.yarn-1.16.2+build.14-v2.jar:?]
	at net.minecraft.util.thread.ThreadExecutor.executeTask(ThreadExecutor.java:136) [minecraft-1.16.2-mapped-net.fabricmc.yarn-1.16.2+build.14-v2.jar:?]
	at net.minecraft.util.thread.ReentrantThreadExecutor.executeTask(ReentrantThreadExecutor.java:22) [minecraft-1.16.2-mapped-net.fabricmc.yarn-1.16.2+build.14-v2.jar:?]
	at net.minecraft.util.thread.ThreadExecutor.runTask(ThreadExecutor.java:109) [minecraft-1.16.2-mapped-net.fabricmc.yarn-1.16.2+build.14-v2.jar:?]
	at net.minecraft.util.thread.ThreadExecutor.runTasks(ThreadExecutor.java:97) [minecraft-1.16.2-mapped-net.fabricmc.yarn-1.16.2+build.14-v2.jar:?]
	at net.minecraft.client.MinecraftClient.render(MinecraftClient.java:956) [minecraft-1.16.2-mapped-net.fabricmc.yarn-1.16.2+build.14-v2.jar:?]
	at net.minecraft.client.MinecraftClient.run(MinecraftClient.java:601) [minecraft-1.16.2-mapped-net.fabricmc.yarn-1.16.2+build.14-v2.jar:?]
	at net.minecraft.client.main.Main.main(Main.java:187) [minecraft-1.16.2-mapped-net.fabricmc.yarn-1.16.2+build.14-v2.jar:?]
	at jdk.internal.reflect.NativeMethodAccessorImpl.invoke0(Native Method) ~[?:?]
	at jdk.internal.reflect.NativeMethodAccessorImpl.invoke(NativeMethodAccessorImpl.java:62) ~[?:?]
	at jdk.internal.reflect.DelegatingMethodAccessorImpl.invoke(DelegatingMethodAccessorImpl.java:43) ~[?:?]
	at java.lang.reflect.Method.invoke(Method.java:564) ~[?:?]
	at net.fabricmc.loader.game.MinecraftGameProvider.launch(MinecraftGameProvider.java:192) [fabric-loader-0.9.1+build.205@net.fabricmc.yarn.1_16_2.1.16.2+build.14-v2.jar:?]
	at net.fabricmc.loader.launch.knot.Knot.init(Knot.java:140) [fabric-loader-0.9.1+build.205@net.fabricmc.yarn.1_16_2.1.16.2+build.14-v2.jar:?]
	at net.fabricmc.loader.launch.knot.KnotClient.main(KnotClient.java:26) [fabric-loader-0.9.1+build.205@net.fabricmc.yarn.1_16_2.1.16.2+build.14-v2.jar:?]
	at net.fabricmc.devlaunchinjector.Main.main(Main.java:86) [dev-launch-injector-0.2.1+build.8.jar:?]
[17:13:15] [main/INFO] (Minecraft) [CHAT] Player620 joined the game
[17:13:15] [main/INFO] (Minecraft) Loaded 0 advancements
[17:13:15] [main/INFO] (Minecraft) [CHAT] Для регистрации вы должны ввести сперва каптчу командой: /captcha 324fh
[17:13:17] [main/INFO] (Minecraft) [CHAT] Для регистрации вы должны ввести сперва каптчу командой: /captcha 324fh
[17:13:19] [main/INFO] (Minecraft) [CHAT] Cat drowned
[17:13:22] [main/INFO] (Minecraft) [CHAT] Для регистрации вы должны ввести сперва каптчу командой: /captcha 324fh
[17:13:26] [main/INFO] (Minecraft) Stopping!
